2017-05-23 13:13:44,494 INFO  main.MudrodEngine - File specified by environment variable MUDROD_CONFIG='' could not be loaded.  (No such file or directory)
2017-05-23 13:13:44,497 INFO  main.MudrodEngine - Loaded config file from file:/Users/lmcgibbn/.m2/repository/gov/nasa/jpl/mudrod/mudrod-core/0.0.1-SNAPSHOT/mudrod-core-0.0.1-SNAPSHOT.jar!/config.xml
2017-05-23 13:13:47,139 WARN  util.NativeCodeLoader - Unable to load native-hadoop library for your platform... using builtin-java classes where applicable
2017-05-23 13:13:47,244 WARN  util.Utils - Your hostname, LMC-056430 resolves to a loopback address: 127.0.0.1; using 192.168.1.76 instead (on interface en0)
2017-05-23 13:13:47,245 WARN  util.Utils - Set SPARK_LOCAL_IP if you need to bind to another address
2017-05-23 13:13:47,755 INFO  util.log - Logging initialized @122745ms
2017-05-23 13:13:47,839 INFO  server.Server - jetty-9.2.z-SNAPSHOT
2017-05-23 13:13:47,855 INFO  handler.ContextHandler - Started o.s.j.s.ServletContextHandler@72d7c0c7{/jobs,null,AVAILABLE}
2017-05-23 13:13:47,855 INFO  handler.ContextHandler - Started o.s.j.s.ServletContextHandler@24d27ecb{/jobs/json,null,AVAILABLE}
2017-05-23 13:13:47,856 INFO  handler.ContextHandler - Started o.s.j.s.ServletContextHandler@f9f0007{/jobs/job,null,AVAILABLE}
2017-05-23 13:13:47,856 INFO  handler.ContextHandler - Started o.s.j.s.ServletContextHandler@1877f689{/jobs/job/json,null,AVAILABLE}
2017-05-23 13:13:47,856 INFO  handler.ContextHandler - Started o.s.j.s.ServletContextHandler@546adcb8{/stages,null,AVAILABLE}
2017-05-23 13:13:47,856 INFO  handler.ContextHandler - Started o.s.j.s.ServletContextHandler@63f9c4d8{/stages/json,null,AVAILABLE}
2017-05-23 13:13:47,856 INFO  handler.ContextHandler - Started o.s.j.s.ServletContextHandler@14916f98{/stages/stage,null,AVAILABLE}
2017-05-23 13:13:47,857 INFO  handler.ContextHandler - Started o.s.j.s.ServletContextHandler@33f5003d{/stages/stage/json,null,AVAILABLE}
2017-05-23 13:13:47,857 INFO  handler.ContextHandler - Started o.s.j.s.ServletContextHandler@31f895e7{/stages/pool,null,AVAILABLE}
2017-05-23 13:13:47,858 INFO  handler.ContextHandler - Started o.s.j.s.ServletContextHandler@1c8a5804{/stages/pool/json,null,AVAILABLE}
2017-05-23 13:13:47,858 INFO  handler.ContextHandler - Started o.s.j.s.ServletContextHandler@37819a2{/storage,null,AVAILABLE}
2017-05-23 13:13:47,858 INFO  handler.ContextHandler - Started o.s.j.s.ServletContextHandler@18170518{/storage/json,null,AVAILABLE}
2017-05-23 13:13:47,858 INFO  handler.ContextHandler - Started o.s.j.s.ServletContextHandler@6d35ec50{/storage/rdd,null,AVAILABLE}
2017-05-23 13:13:47,859 INFO  handler.ContextHandler - Started o.s.j.s.ServletContextHandler@2331c38a{/storage/rdd/json,null,AVAILABLE}
2017-05-23 13:13:47,859 INFO  handler.ContextHandler - Started o.s.j.s.ServletContextHandler@60476b47{/environment,null,AVAILABLE}
2017-05-23 13:13:47,859 INFO  handler.ContextHandler - Started o.s.j.s.ServletContextHandler@40589d92{/environment/json,null,AVAILABLE}
2017-05-23 13:13:47,859 INFO  handler.ContextHandler - Started o.s.j.s.ServletContextHandler@24daea5{/executors,null,AVAILABLE}
2017-05-23 13:13:47,859 INFO  handler.ContextHandler - Started o.s.j.s.ServletContextHandler@2f4d10f5{/executors/json,null,AVAILABLE}
2017-05-23 13:13:47,859 INFO  handler.ContextHandler - Started o.s.j.s.ServletContextHandler@740b5b08{/executors/threadDump,null,AVAILABLE}
2017-05-23 13:13:47,860 INFO  handler.ContextHandler - Started o.s.j.s.ServletContextHandler@703bec16{/executors/threadDump/json,null,AVAILABLE}
2017-05-23 13:13:47,864 INFO  handler.ContextHandler - Started o.s.j.s.ServletContextHandler@1f6c4c32{/static,null,AVAILABLE}
2017-05-23 13:13:47,865 INFO  handler.ContextHandler - Started o.s.j.s.ServletContextHandler@58e12d92{/,null,AVAILABLE}
2017-05-23 13:13:47,865 INFO  handler.ContextHandler - Started o.s.j.s.ServletContextHandler@761cfe9d{/api,null,AVAILABLE}
2017-05-23 13:13:47,865 INFO  handler.ContextHandler - Started o.s.j.s.ServletContextHandler@5968e714{/jobs/job/kill,null,AVAILABLE}
2017-05-23 13:13:47,865 INFO  handler.ContextHandler - Started o.s.j.s.ServletContextHandler@24982dd7{/stages/stage/kill,null,AVAILABLE}
2017-05-23 13:13:47,870 INFO  server.ServerConnector - Started ServerConnector@51802db6{HTTP/1.1}{0.0.0.0:4040}
2017-05-23 13:13:47,870 INFO  server.Server - Started @122861ms
2017-05-23 13:13:48,164 INFO  handler.ContextHandler - Started o.s.j.s.ServletContextHandler@3c955f63{/metrics/json,null,AVAILABLE}
2017-05-23 13:13:49,245 INFO  handler.ContextHandler - Started o.s.j.s.ServletContextHandler@3e265583{/SQL,null,AVAILABLE}
2017-05-23 13:13:49,246 INFO  handler.ContextHandler - Started o.s.j.s.ServletContextHandler@246c4e78{/SQL/json,null,AVAILABLE}
2017-05-23 13:13:49,246 INFO  handler.ContextHandler - Started o.s.j.s.ServletContextHandler@244de4dd{/SQL/execution,null,AVAILABLE}
2017-05-23 13:13:49,246 INFO  handler.ContextHandler - Started o.s.j.s.ServletContextHandler@531cd63f{/SQL/execution/json,null,AVAILABLE}
2017-05-23 13:13:49,247 INFO  handler.ContextHandler - Started o.s.j.s.ServletContextHandler@4d6227e0{/static/sql,null,AVAILABLE}
2017-05-23 13:13:49,286 INFO  util.Version - Elasticsearch Hadoop v5.2.0 [d85a257f9f]
2017-05-23 13:13:51,980 WARN  hadoop.ParquetRecordReader - Can not initialize counter due to context is not a instance of TaskInputOutputContext, but is org.apache.hadoop.mapreduce.task.TaskAttemptContextImpl
2017-05-23 13:13:52,299 INFO  ontology.OntologyFactory - Using ontology extension: Local
2017-05-23 13:13:52,302 INFO  process.LocalOntology - Creating new ontology
2017-05-23 13:13:52,692 WARN  impl.RDFDefaultErrorHandler - unknown-source: {W136} Relative URIs are not permitted in RDF: specifically <ont-policy.rdf>
2017-05-23 13:22:10,558 WARN  utils.JAXRSUtils - No operation matching request path "/mudrod-service/services/ontology/subclasses" is found, Relative Path: /subclasses, HTTP Method: GET, ContentType: */*, Accept: text/html,application/xhtml+xml,application/xml;q=0.9,*/*;q=0.8,. Please enable FINE/TRACE log level for more details.
2017-05-23 13:22:10,578 WARN  impl.WebApplicationExceptionMapper - javax.ws.rs.ClientErrorException: HTTP 404 Not Found
	at org.apache.cxf.jaxrs.utils.SpecExceptions.toHttpException(SpecExceptions.java:117)
	at org.apache.cxf.jaxrs.utils.ExceptionUtils.toHttpException(ExceptionUtils.java:169)
	at org.apache.cxf.jaxrs.utils.JAXRSUtils.findTargetMethod(JAXRSUtils.java:529)
	at org.apache.cxf.jaxrs.interceptor.JAXRSInInterceptor.processRequest(JAXRSInInterceptor.java:177)
	at org.apache.cxf.jaxrs.interceptor.JAXRSInInterceptor.handleMessage(JAXRSInInterceptor.java:77)
	at org.apache.cxf.phase.PhaseInterceptorChain.doIntercept(PhaseInterceptorChain.java:308)
	at org.apache.cxf.transport.ChainInitiationObserver.onMessage(ChainInitiationObserver.java:121)
	at org.apache.cxf.transport.http.AbstractHTTPDestination.invoke(AbstractHTTPDestination.java:254)
	at org.apache.cxf.transport.servlet.ServletController.invokeDestination(ServletController.java:234)
	at org.apache.cxf.transport.servlet.ServletController.invoke(ServletController.java:208)
	at org.apache.cxf.transport.servlet.ServletController.invoke(ServletController.java:160)
	at org.apache.cxf.transport.servlet.CXFNonSpringServlet.invoke(CXFNonSpringServlet.java:180)
	at org.apache.cxf.transport.servlet.AbstractHTTPServlet.handleRequest(AbstractHTTPServlet.java:299)
	at org.apache.cxf.transport.servlet.AbstractHTTPServlet.doGet(AbstractHTTPServlet.java:223)
	at javax.servlet.http.HttpServlet.service(HttpServlet.java:621)
	at org.apache.cxf.transport.servlet.AbstractHTTPServlet.service(AbstractHTTPServlet.java:274)
	at org.apache.catalina.core.ApplicationFilterChain.internalDoFilter(ApplicationFilterChain.java:305)
	at org.apache.catalina.core.ApplicationFilterChain.doFilter(ApplicationFilterChain.java:210)
	at org.apache.tomcat.websocket.server.WsFilter.doFilter(WsFilter.java:51)
	at org.apache.catalina.core.ApplicationFilterChain.internalDoFilter(ApplicationFilterChain.java:243)
	at org.apache.catalina.core.ApplicationFilterChain.doFilter(ApplicationFilterChain.java:210)
	at org.apache.catalina.core.StandardWrapperValve.invoke(StandardWrapperValve.java:222)
	at org.apache.catalina.core.StandardContextValve.invoke(StandardContextValve.java:123)
	at org.apache.catalina.authenticator.AuthenticatorBase.invoke(AuthenticatorBase.java:502)
	at org.apache.catalina.core.StandardHostValve.invoke(StandardHostValve.java:171)
	at org.apache.catalina.valves.ErrorReportValve.invoke(ErrorReportValve.java:100)
	at org.apache.catalina.valves.AccessLogValve.invoke(AccessLogValve.java:953)
	at org.apache.catalina.core.StandardEngineValve.invoke(StandardEngineValve.java:118)
	at org.apache.catalina.connector.CoyoteAdapter.service(CoyoteAdapter.java:408)
	at org.apache.coyote.http11.AbstractHttp11Processor.process(AbstractHttp11Processor.java:1041)
	at org.apache.coyote.AbstractProtocol$AbstractConnectionHandler.process(AbstractProtocol.java:603)
	at org.apache.tomcat.util.net.JIoEndpoint$SocketProcessor.run(JIoEndpoint.java:310)
	at java.util.concurrent.ThreadPoolExecutor.runWorker(ThreadPoolExecutor.java:1142)
	at java.util.concurrent.ThreadPoolExecutor$Worker.run(ThreadPoolExecutor.java:617)
	at java.lang.Thread.run(Thread.java:745)

