2017-10-03 13:56:28,310 INFO  process.LocalOntology - Creating new ontology
2017-10-03 13:56:29,221 WARN  impl.RDFDefaultErrorHandler - unknown-source: {W136} Relative URIs are not permitted in RDF: specifically <ont-policy.rdf>
2017-10-03 13:56:29,309 INFO  process.LocalOntology - Reading and processing https://raw.githubusercontent.com/ESIPFed/sweet/master/2.4/sweetAll.owl
2017-10-03 13:56:29,668 ERROR process.LocalOntology - Failed whilst attempting to read ontology https://raw.githubusercontent.com/ESIPFed/sweet/master/2.4/sweetAll.owl: Error: 
org.apache.jena.shared.DoesNotExistException: https://raw.githubusercontent.com/ESIPFed/sweet/master/2.4/sweetAll.owl
	at org.apache.jena.rdfxml.xmlinput.JenaReader.read(JenaReader.java:97)
	at org.apache.jena.rdf.model.impl.ModelCom.read(ModelCom.java:263)
	at org.apache.jena.ontology.impl.OntModelImpl.readDelegate(OntModelImpl.java:3090)
	at org.apache.jena.ontology.impl.OntModelImpl.read(OntModelImpl.java:2182)
	at gov.nasa.jpl.mudrod.ontology.process.LocalOntology.load(LocalOntology.java:133)
	at gov.nasa.jpl.mudrod.ontology.process.LocalOntology.load(LocalOntology.java:126)
	at gov.nasa.jpl.mudrod.ontology.process.LocalOntology.load(LocalOntology.java:111)
	at gov.nasa.jpl.mudrod.ontology.process.LocalOntology.<init>(LocalOntology.java:74)
	at gov.nasa.jpl.mudrod.ontology.process.TestLocalOntology.setUp(TestLocalOntology.java:53)
	at sun.reflect.NativeMethodAccessorImpl.invoke0(Native Method)
	at sun.reflect.NativeMethodAccessorImpl.invoke(NativeMethodAccessorImpl.java:62)
	at sun.reflect.DelegatingMethodAccessorImpl.invoke(DelegatingMethodAccessorImpl.java:43)
	at java.lang.reflect.Method.invoke(Method.java:498)
	at org.junit.runners.model.FrameworkMethod$1.runReflectiveCall(FrameworkMethod.java:50)
	at org.junit.internal.runners.model.ReflectiveCallable.run(ReflectiveCallable.java:12)
	at org.junit.runners.model.FrameworkMethod.invokeExplosively(FrameworkMethod.java:47)
	at org.junit.internal.runners.statements.RunBefores.evaluate(RunBefores.java:24)
	at org.junit.internal.runners.statements.RunAfters.evaluate(RunAfters.java:27)
	at org.junit.runners.ParentRunner.runLeaf(ParentRunner.java:325)
	at org.junit.runners.BlockJUnit4ClassRunner.runChild(BlockJUnit4ClassRunner.java:78)
	at org.junit.runners.BlockJUnit4ClassRunner.runChild(BlockJUnit4ClassRunner.java:57)
	at org.junit.runners.ParentRunner$3.run(ParentRunner.java:290)
	at org.junit.runners.ParentRunner$1.schedule(ParentRunner.java:71)
	at org.junit.runners.ParentRunner.runChildren(ParentRunner.java:288)
	at org.junit.runners.ParentRunner.access$000(ParentRunner.java:58)
	at org.junit.runners.ParentRunner$2.evaluate(ParentRunner.java:268)
	at org.junit.internal.runners.statements.RunBefores.evaluate(RunBefores.java:26)
	at org.junit.internal.runners.statements.RunAfters.evaluate(RunAfters.java:27)
	at org.junit.runners.ParentRunner.run(ParentRunner.java:363)
	at org.apache.maven.surefire.junit4.JUnit4Provider.execute(JUnit4Provider.java:367)
	at org.apache.maven.surefire.junit4.JUnit4Provider.executeWithRerun(JUnit4Provider.java:274)
	at org.apache.maven.surefire.junit4.JUnit4Provider.executeTestSet(JUnit4Provider.java:238)
	at org.apache.maven.surefire.junit4.JUnit4Provider.invoke(JUnit4Provider.java:161)
	at org.apache.maven.surefire.booter.ForkedBooter.invokeProviderInSameClassLoader(ForkedBooter.java:290)
	at org.apache.maven.surefire.booter.ForkedBooter.runSuitesInProcess(ForkedBooter.java:242)
	at org.apache.maven.surefire.booter.ForkedBooter.main(ForkedBooter.java:121)
2017-10-03 13:56:29,678 INFO  process.LocalOntology - Creating new ontology
2017-10-03 13:56:29,678 INFO  process.LocalOntology - Reading and processing https://raw.githubusercontent.com/ESIPFed/sweet/master/2.4/sweetAll.owl
2017-10-03 13:56:29,695 ERROR process.LocalOntology - Failed whilst attempting to read ontology https://raw.githubusercontent.com/ESIPFed/sweet/master/2.4/sweetAll.owl: Error: 
org.apache.jena.shared.DoesNotExistException: https://raw.githubusercontent.com/ESIPFed/sweet/master/2.4/sweetAll.owl
	at org.apache.jena.rdfxml.xmlinput.JenaReader.read(JenaReader.java:97)
	at org.apache.jena.rdf.model.impl.ModelCom.read(ModelCom.java:263)
	at org.apache.jena.ontology.impl.OntModelImpl.readDelegate(OntModelImpl.java:3090)
	at org.apache.jena.ontology.impl.OntModelImpl.read(OntModelImpl.java:2182)
	at gov.nasa.jpl.mudrod.ontology.process.LocalOntology.load(LocalOntology.java:133)
	at gov.nasa.jpl.mudrod.ontology.process.LocalOntology.load(LocalOntology.java:126)
	at gov.nasa.jpl.mudrod.ontology.process.LocalOntology.load(LocalOntology.java:111)
	at gov.nasa.jpl.mudrod.ontology.process.LocalOntology.<init>(LocalOntology.java:74)
	at gov.nasa.jpl.mudrod.ontology.process.TestLocalOntology.setUp(TestLocalOntology.java:53)
	at sun.reflect.NativeMethodAccessorImpl.invoke0(Native Method)
	at sun.reflect.NativeMethodAccessorImpl.invoke(NativeMethodAccessorImpl.java:62)
	at sun.reflect.DelegatingMethodAccessorImpl.invoke(DelegatingMethodAccessorImpl.java:43)
	at java.lang.reflect.Method.invoke(Method.java:498)
	at org.junit.runners.model.FrameworkMethod$1.runReflectiveCall(FrameworkMethod.java:50)
	at org.junit.internal.runners.model.ReflectiveCallable.run(ReflectiveCallable.java:12)
	at org.junit.runners.model.FrameworkMethod.invokeExplosively(FrameworkMethod.java:47)
	at org.junit.internal.runners.statements.RunBefores.evaluate(RunBefores.java:24)
	at org.junit.internal.runners.statements.RunAfters.evaluate(RunAfters.java:27)
	at org.junit.runners.ParentRunner.runLeaf(ParentRunner.java:325)
	at org.junit.runners.BlockJUnit4ClassRunner.runChild(BlockJUnit4ClassRunner.java:78)
	at org.junit.runners.BlockJUnit4ClassRunner.runChild(BlockJUnit4ClassRunner.java:57)
	at org.junit.runners.ParentRunner$3.run(ParentRunner.java:290)
	at org.junit.runners.ParentRunner$1.schedule(ParentRunner.java:71)
	at org.junit.runners.ParentRunner.runChildren(ParentRunner.java:288)
	at org.junit.runners.ParentRunner.access$000(ParentRunner.java:58)
	at org.junit.runners.ParentRunner$2.evaluate(ParentRunner.java:268)
	at org.junit.internal.runners.statements.RunBefores.evaluate(RunBefores.java:26)
	at org.junit.internal.runners.statements.RunAfters.evaluate(RunAfters.java:27)
	at org.junit.runners.ParentRunner.run(ParentRunner.java:363)
	at org.apache.maven.surefire.junit4.JUnit4Provider.execute(JUnit4Provider.java:367)
	at org.apache.maven.surefire.junit4.JUnit4Provider.executeWithRerun(JUnit4Provider.java:274)
	at org.apache.maven.surefire.junit4.JUnit4Provider.executeTestSet(JUnit4Provider.java:238)
	at org.apache.maven.surefire.junit4.JUnit4Provider.invoke(JUnit4Provider.java:161)
	at org.apache.maven.surefire.booter.ForkedBooter.invokeProviderInSameClassLoader(ForkedBooter.java:290)
	at org.apache.maven.surefire.booter.ForkedBooter.runSuitesInProcess(ForkedBooter.java:242)
	at org.apache.maven.surefire.booter.ForkedBooter.main(ForkedBooter.java:121)
